c:\users\jacob\desktop\uni work\322\322_coursework\322coursework\322coursework\x64\debug\vc142.pdb
c:\users\jacob\desktop\uni work\322\322_coursework\322coursework\322coursework\x64\debug\vc142.idb
c:\users\jacob\desktop\uni work\322\322_coursework\322coursework\322coursework\x64\debug\triangle.obj
c:\users\jacob\desktop\uni work\322\322_coursework\322coursework\322coursework\x64\debug\sphere.obj
c:\users\jacob\desktop\uni work\322\322_coursework\322coursework\322coursework\x64\debug\shape.obj
c:\users\jacob\desktop\uni work\322\322_coursework\322coursework\322coursework\x64\debug\plane.obj
c:\users\jacob\desktop\uni work\322\322_coursework\322coursework\322coursework\x64\debug\main.obj
c:\users\jacob\desktop\uni work\322\322_coursework\322coursework\322coursework\x64\debug\light.obj
c:\users\jacob\desktop\uni work\322\322_coursework\322coursework\322coursework\x64\debug\aabox.obj
c:\users\jacob\desktop\uni work\322\322_coursework\322coursework\322coursework\x64\debug\objloader.obj
c:\users\jacob\desktop\files\uni work\322\322_coursework\322coursework\322coursework\x64\debug\vc142.pdb
c:\users\jacob\desktop\files\uni work\322\322_coursework\322coursework\322coursework\x64\debug\vc142.idb
c:\users\jacob\desktop\files\uni work\322\322_coursework\322coursework\322coursework\x64\debug\triangle.obj
c:\users\jacob\desktop\files\uni work\322\322_coursework\322coursework\322coursework\x64\debug\sphere.obj
c:\users\jacob\desktop\files\uni work\322\322_coursework\322coursework\322coursework\x64\debug\shape.obj
c:\users\jacob\desktop\files\uni work\322\322_coursework\322coursework\322coursework\x64\debug\plane.obj
c:\users\jacob\desktop\files\uni work\322\322_coursework\322coursework\322coursework\x64\debug\objloader.obj
c:\users\jacob\desktop\files\uni work\322\322_coursework\322coursework\322coursework\x64\debug\main.obj
c:\users\jacob\desktop\files\uni work\322\322_coursework\322coursework\322coursework\x64\debug\light.obj
c:\users\jacob\desktop\files\uni work\322\322_coursework\322coursework\322coursework\x64\debug\aabox.obj
c:\users\jacob\documents\files\uni work\322\322_coursework\322coursework\322coursework\x64\debug\vc142.pdb
c:\users\jacob\documents\files\uni work\322\322_coursework\322coursework\322coursework\x64\debug\vc142.idb
c:\users\jacob\documents\files\uni work\322\322_coursework\322coursework\322coursework\x64\debug\triangle.obj
c:\users\jacob\documents\files\uni work\322\322_coursework\322coursework\322coursework\x64\debug\sphere.obj
c:\users\jacob\documents\files\uni work\322\322_coursework\322coursework\322coursework\x64\debug\shape.obj
c:\users\jacob\documents\files\uni work\322\322_coursework\322coursework\322coursework\x64\debug\plane.obj
c:\users\jacob\documents\files\uni work\322\322_coursework\322coursework\322coursework\x64\debug\objloader.obj
c:\users\jacob\documents\files\uni work\322\322_coursework\322coursework\322coursework\x64\debug\main.obj
c:\users\jacob\documents\files\uni work\322\322_coursework\322coursework\322coursework\x64\debug\light.obj
c:\users\jacob\documents\files\uni work\322\322_coursework\322coursework\322coursework\x64\debug\aabox.obj
c:\users\jacob\desktop\uni work\322\322_coursework\322coursework\x64\debug\322coursework.exe
c:\users\jacob\desktop\uni work\322\322_coursework\322coursework\x64\debug\322coursework.ilk
c:\users\jacob\desktop\uni work\322\322_coursework\322coursework\x64\debug\322coursework.pdb
c:\users\jacob\desktop\files\uni work\322\322_coursework\322coursework\x64\debug\322coursework.exe
c:\users\jacob\desktop\files\uni work\322\322_coursework\322coursework\x64\debug\322coursework.ilk
c:\users\jacob\desktop\files\uni work\322\322_coursework\322coursework\x64\debug\322coursework.pdb
c:\users\jacob\documents\files\uni work\322\322_coursework\322coursework\322coursework\x64\debug\triangle.obj.enc
c:\users\jacob\documents\files\uni work\322\322_coursework\322coursework\x64\debug\322coursework.pdb
c:\users\jacob\documents\files\uni work\322\322_coursework\322coursework\322coursework\x64\debug\322coursework.tlog\cl.command.1.tlog
c:\users\jacob\documents\files\uni work\322\322_coursework\322coursework\322coursework\x64\debug\322coursework.tlog\cl.read.1.tlog
c:\users\jacob\documents\files\uni work\322\322_coursework\322coursework\322coursework\x64\debug\322coursework.tlog\cl.write.1.tlog
c:\users\jacob\documents\files\uni work\322\322_coursework\322coursework\322coursework\x64\debug\322coursework.tlog\link-cvtres.read.1.tlog
c:\users\jacob\documents\files\uni work\322\322_coursework\322coursework\322coursework\x64\debug\322coursework.tlog\link-cvtres.write.1.tlog
c:\users\jacob\documents\files\uni work\322\322_coursework\322coursework\322coursework\x64\debug\322coursework.tlog\link-rc.read.1.tlog
c:\users\jacob\documents\files\uni work\322\322_coursework\322coursework\322coursework\x64\debug\322coursework.tlog\link-rc.write.1.tlog
c:\users\jacob\documents\files\uni work\322\322_coursework\322coursework\322coursework\x64\debug\322coursework.tlog\link.command.1.tlog
c:\users\jacob\documents\files\uni work\322\322_coursework\322coursework\322coursework\x64\debug\322coursework.tlog\link.read.1.tlog
c:\users\jacob\documents\files\uni work\322\322_coursework\322coursework\322coursework\x64\debug\322coursework.tlog\link.write.1.tlog
